mode: set
github.com/qnib/qwatch/collectors/DockerLog.go:16.71,30.6 9 0
github.com/qnib/qwatch/collectors/DockerLog.go:30.6,32.17 2 0
github.com/qnib/qwatch/collectors/DockerLog.go:35.3,50.18 8 0
github.com/qnib/qwatch/collectors/DockerLog.go:32.17,34.4 1 0
github.com/qnib/qwatch/collectors/docker-events.go:18.73,20.16 2 0
github.com/qnib/qwatch/collectors/docker-events.go:24.2,26.6 2 0
github.com/qnib/qwatch/collectors/docker-events.go:20.16,21.13 1 0
github.com/qnib/qwatch/collectors/docker-events.go:26.6,27.10 1 0
github.com/qnib/qwatch/collectors/docker-events.go:28.3,29.35 1 0
github.com/qnib/qwatch/collectors/docker-events.go:30.3,31.19 1 0
github.com/qnib/qwatch/collectors/docker-events.go:31.19,35.5 1 0
github.com/qnib/qwatch/collectors/docker-events.go:40.51,59.2 7 0
